2022-03-18 14:59:36,595 INFO org.springframework.boot.StartupInfoLogger [main] Starting ClothDatabaseApplication using Java 17.0.2 on Narvaez with PID 3640 (C:\Users\reyma\IdeaProjects\cloth-database\target\classes started by Narvaez in C:\Users\reyma\IdeaProjects\cloth-database)
2022-03-18 14:59:36,597 INFO org.springframework.boot.SpringApplication [main] No active profile set, falling back to 1 default profile: "default"
2022-03-18 14:59:36,872 INFO org.springframework.data.repository.config.RepositoryConfigurationDelegate [main] Bootstrapping Spring Data JPA repositories in DEFAULT mode.
2022-03-18 14:59:36,880 INFO org.springframework.data.repository.config.RepositoryConfigurationDelegate [main] Finished Spring Data repository scanning in 2 ms. Found 0 JPA repository interfaces.
2022-03-18 14:59:37,102 INFO org.springframework.boot.web.embedded.tomcat.TomcatWebServer [main] Tomcat initialized with port(s): 8080 (http)
2022-03-18 14:59:37,106 INFO org.apache.juli.logging.DirectJDKLog [main] Initializing ProtocolHandler ["http-nio-8080"]
2022-03-18 14:59:37,107 INFO org.apache.juli.logging.DirectJDKLog [main] Starting service [Tomcat]
2022-03-18 14:59:37,107 INFO org.apache.juli.logging.DirectJDKLog [main] Starting Servlet engine: [Apache Tomcat/9.0.58]
2022-03-18 14:59:37,150 INFO org.apache.juli.logging.DirectJDKLog [main] Initializing Spring embedded WebApplicationContext
2022-03-18 14:59:37,150 INFO org.springframework.boot.web.servlet.context.ServletWebServerApplicationContext [main] Root WebApplicationContext: initialization completed in 526 ms
2022-03-18 14:59:37,221 INFO com.zaxxer.hikari.HikariDataSource [main] HikariPool-1 - Starting...
2022-03-18 14:59:37,269 INFO com.zaxxer.hikari.HikariDataSource [main] HikariPool-1 - Start completed.
2022-03-18 14:59:37,292 INFO org.hibernate.jpa.internal.util.LogHelper [main] HHH000204: Processing PersistenceUnitInfo [name: default]
2022-03-18 14:59:37,315 INFO org.hibernate.Version [main] HHH000412: Hibernate ORM core version 5.6.5.Final
2022-03-18 14:59:37,383 INFO org.hibernate.annotations.common.reflection.java.JavaReflectionManager [main] HCANN000001: Hibernate Commons Annotations {5.1.2.Final}
2022-03-18 14:59:37,434 INFO org.hibernate.dialect.Dialect [main] HHH000400: Using dialect: org.hibernate.dialect.H2Dialect
2022-03-18 14:59:37,521 INFO org.hibernate.engine.transaction.jta.platform.internal.JtaPlatformInitiator [main] HHH000490: Using JtaPlatform implementation: [org.hibernate.engine.transaction.jta.platform.internal.NoJtaPlatform]
2022-03-18 14:59:37,528 INFO org.springframework.orm.jpa.AbstractEntityManagerFactoryBean [main] Initialized JPA EntityManagerFactory for persistence unit 'default'
2022-03-18 14:59:37,533 INFO se.iths.clothdatabase.BeanScopesDemo [main] BeanScopesDemo bean is alive!
2022-03-18 14:59:37,549 WARN org.springframework.boot.autoconfigure.orm.jpa.JpaBaseConfiguration$JpaWebConfiguration [main] spring.jpa.open-in-view is enabled by default. Therefore, database queries may be performed during view rendering. Explicitly configure spring.jpa.open-in-view to disable this warning
2022-03-18 14:59:37,697 INFO org.apache.juli.logging.DirectJDKLog [main] Starting ProtocolHandler ["http-nio-8080"]
2022-03-18 14:59:37,718 INFO org.springframework.boot.web.embedded.tomcat.TomcatWebServer [main] Tomcat started on port(s): 8080 (http) with context path ''
2022-03-18 14:59:37,725 INFO org.springframework.boot.StartupInfoLogger [main] Started ClothDatabaseApplication in 1.337 seconds (JVM running for 1.675)
2022-03-18 15:00:43,864 INFO org.springframework.orm.jpa.AbstractEntityManagerFactoryBean [SpringApplicationShutdownHook] Closing JPA EntityManagerFactory for persistence unit 'default'
2022-03-18 15:00:43,865 INFO org.hibernate.tool.schema.internal.SchemaDropperImpl$DelayedDropActionImpl [SpringApplicationShutdownHook] HHH000477: Starting delayed evictData of schema as part of SessionFactory shut-down'
2022-03-18 15:00:43,866 INFO com.zaxxer.hikari.HikariDataSource [SpringApplicationShutdownHook] HikariPool-1 - Shutdown initiated...
2022-03-18 15:00:43,867 INFO com.zaxxer.hikari.HikariDataSource [SpringApplicationShutdownHook] HikariPool-1 - Shutdown completed.
2022-03-18 15:00:46,308 INFO org.springframework.boot.StartupInfoLogger [main] Starting ClothDatabaseApplication using Java 17.0.2 on Narvaez with PID 15920 (C:\Users\reyma\IdeaProjects\cloth-database\target\classes started by Narvaez in C:\Users\reyma\IdeaProjects\cloth-database)
2022-03-18 15:00:46,310 INFO org.springframework.boot.SpringApplication [main] No active profile set, falling back to 1 default profile: "default"
2022-03-18 15:00:46,601 INFO org.springframework.data.repository.config.RepositoryConfigurationDelegate [main] Bootstrapping Spring Data JPA repositories in DEFAULT mode.
2022-03-18 15:00:46,609 INFO org.springframework.data.repository.config.RepositoryConfigurationDelegate [main] Finished Spring Data repository scanning in 3 ms. Found 0 JPA repository interfaces.
2022-03-18 15:00:46,834 INFO org.springframework.boot.web.embedded.tomcat.TomcatWebServer [main] Tomcat initialized with port(s): 8080 (http)
2022-03-18 15:00:46,838 INFO org.apache.juli.logging.DirectJDKLog [main] Initializing ProtocolHandler ["http-nio-8080"]
2022-03-18 15:00:46,838 INFO org.apache.juli.logging.DirectJDKLog [main] Starting service [Tomcat]
2022-03-18 15:00:46,838 INFO org.apache.juli.logging.DirectJDKLog [main] Starting Servlet engine: [Apache Tomcat/9.0.58]
2022-03-18 15:00:46,882 INFO org.apache.juli.logging.DirectJDKLog [main] Initializing Spring embedded WebApplicationContext
2022-03-18 15:00:46,882 INFO org.springframework.boot.web.servlet.context.ServletWebServerApplicationContext [main] Root WebApplicationContext: initialization completed in 541 ms
2022-03-18 15:00:46,947 INFO com.zaxxer.hikari.HikariDataSource [main] HikariPool-1 - Starting...
2022-03-18 15:00:46,991 INFO com.zaxxer.hikari.HikariDataSource [main] HikariPool-1 - Start completed.
2022-03-18 15:00:47,012 INFO org.hibernate.jpa.internal.util.LogHelper [main] HHH000204: Processing PersistenceUnitInfo [name: default]
2022-03-18 15:00:47,035 INFO org.hibernate.Version [main] HHH000412: Hibernate ORM core version 5.6.5.Final
2022-03-18 15:00:47,097 INFO org.hibernate.annotations.common.reflection.java.JavaReflectionManager [main] HCANN000001: Hibernate Commons Annotations {5.1.2.Final}
2022-03-18 15:00:47,147 INFO org.hibernate.dialect.Dialect [main] HHH000400: Using dialect: org.hibernate.dialect.H2Dialect
2022-03-18 15:00:47,234 INFO org.hibernate.engine.transaction.jta.platform.internal.JtaPlatformInitiator [main] HHH000490: Using JtaPlatform implementation: [org.hibernate.engine.transaction.jta.platform.internal.NoJtaPlatform]
2022-03-18 15:00:47,241 INFO org.springframework.orm.jpa.AbstractEntityManagerFactoryBean [main] Initialized JPA EntityManagerFactory for persistence unit 'default'
2022-03-18 15:00:47,245 INFO se.iths.clothdatabase.BeanScopesDemo [main] BeanScopesDemo info is alive!
2022-03-18 15:00:47,246 WARN se.iths.clothdatabase.BeanScopesDemo [main] BeanScopesDemo warn is alive!
2022-03-18 15:00:47,246 ERROR se.iths.clothdatabase.BeanScopesDemo [main] BeanScopesDemo error is alive!
2022-03-18 15:00:47,262 WARN org.springframework.boot.autoconfigure.orm.jpa.JpaBaseConfiguration$JpaWebConfiguration [main] spring.jpa.open-in-view is enabled by default. Therefore, database queries may be performed during view rendering. Explicitly configure spring.jpa.open-in-view to disable this warning
2022-03-18 15:00:47,417 INFO org.apache.juli.logging.DirectJDKLog [main] Starting ProtocolHandler ["http-nio-8080"]
2022-03-18 15:00:47,438 INFO org.springframework.boot.web.embedded.tomcat.TomcatWebServer [main] Tomcat started on port(s): 8080 (http) with context path ''
2022-03-18 15:00:47,444 INFO org.springframework.boot.StartupInfoLogger [main] Started ClothDatabaseApplication in 1.348 seconds (JVM running for 1.697)
